<?xml version="1.0" encoding="UTF-8"?>
<testng-results skipped="0" failed="0" ignored="0" total="1" passed="1">
  <reporter-output>
  </reporter-output>
  <suite name="Default suite" duration-ms="40" started-at="2020-04-09T15:40:30 IST" finished-at="2020-04-09T15:40:30 IST">
    <groups>
    </groups>
    <test name="Default test" duration-ms="40" started-at="2020-04-09T15:40:30 IST" finished-at="2020-04-09T15:40:30 IST">
      <class name="suites.tstsuite">
        <test-method status="PASS" signature="Suite()[pri:0, instance:suites.tstsuite@5383967b]" name="Suite" is-config="true" duration-ms="13" started-at="2020-04-09T15:40:30 IST" finished-at="2020-04-09T15:40:30 IST">
          <reporter-output>
          </reporter-output>
        </test-method> <!-- Suite -->
        <test-method status="PASS" signature="Suite1()[pri:0, instance:suites.tstsuite@5383967b]" name="Suite1" is-config="true" duration-ms="0" started-at="2020-04-09T15:40:30 IST" finished-at="2020-04-09T15:40:30 IST">
          <reporter-output>
          </reporter-output>
        </test-method> <!-- Suite1 -->
        <test-method status="PASS" signature="Suite2()[pri:2, instance:suites.tstsuite@5383967b]" name="Suite2" duration-ms="11" started-at="2020-04-09T15:40:30 IST" finished-at="2020-04-09T15:40:30 IST">
          <reporter-output>
          </reporter-output>
        </test-method> <!-- Suite2 -->
        <test-method status="PASS" signature="Suite3()[pri:0, instance:suites.tstsuite@5383967b]" name="Suite3" is-config="true" duration-ms="1" started-at="2020-04-09T15:40:30 IST" finished-at="2020-04-09T15:40:30 IST">
          <reporter-output>
          </reporter-output>
        </test-method> <!-- Suite3 -->
        <test-method status="PASS" signature="Suite4()[pri:0, instance:suites.tstsuite@5383967b]" name="Suite4" is-config="true" duration-ms="1" started-at="2020-04-09T15:40:30 IST" finished-at="2020-04-09T15:40:30 IST">
          <reporter-output>
          </reporter-output>
        </test-method> <!-- Suite4 -->
      </class> <!-- suites.tstsuite -->
    </test> <!-- Default test -->
  </suite> <!-- Default suite -->
</testng-results>
