<?xml version="1.0" encoding="UTF-8"?>
<!-- Generated by org.testng.reporters.JUnitXMLReporter -->
<testsuite hostname="DESKTOP-9654JSG" ignored="0" name="Login test cases" tests="4" failures="0" timestamp="2020-04-01T12:54:26 IST" time="34.702" errors="0">
  <testcase name="main" time="8.897" classname="realtime.InvalidDetails"/>
  <testcase name="main" time="8.784" classname="realtime.LoginPageDetails"/>
  <testcase name="main" time="8.371" classname="realtime.OneValid"/>
  <testcase name="main" time="8.569" classname="realtime.ValidOrNot"/>
</testsuite> <!-- Login test cases -->
