<?xml version="1.0" encoding="UTF-8"?>
<!-- Generated by org.testng.reporters.JUnitXMLReporter -->
<testsuite hostname="DESKTOP-9654JSG" ignored="0" name="data prov by excelsheet" tests="4" failures="0" timestamp="2020-04-08T09:58:10 IST" time="48.724" errors="0">
  <testcase name="main" time="13.361" classname="dataprov.logindetails"/>
  <testcase name="main" time="12.036" classname="dataprov.logindetails"/>
  <testcase name="main" time="11.679" classname="dataprov.logindetails"/>
  <testcase name="main" time="11.581" classname="dataprov.logindetails"/>
</testsuite> <!-- data prov by excelsheet -->
