<?xml version="1.0" encoding="UTF-8"?>
<!-- Generated by org.testng.reporters.JUnitXMLReporter -->
<testsuite hostname="DESKTOP-9654JSG" ignored="0" name="testingsuites" tests="3" failures="0" timestamp="2020-03-30T12:19:57 IST" time="0.037" errors="0">
  <testcase name="Suite1" time="0.005" classname="suites.tstsuite"/>
  <testcase name="Suite2" time="0.001" classname="suites.tstsuite"/>
  <testcase name="Suite3" time="0.002" classname="suites.tstsuite"/>
</testsuite> <!-- testingsuites -->
