<?xml version="1.0" encoding="UTF-8"?>
<testng-results skipped="0" failed="0" ignored="0" total="1" passed="1">
  <reporter-output>
  </reporter-output>
  <suite name="Default suite" duration-ms="16068" started-at="2020-04-08T11:37:00 IST" finished-at="2020-04-08T11:37:16 IST">
    <groups>
    </groups>
    <test name="Default test" duration-ms="16068" started-at="2020-04-08T11:37:00 IST" finished-at="2020-04-08T11:37:16 IST">
      <class name="logn.PIMtab">
        <test-method status="PASS" signature="main()[pri:0, instance:logn.PIMtab@3632be31]" name="main" duration-ms="16029" started-at="2020-04-08T11:37:00 IST" finished-at="2020-04-08T11:37:16 IST">
          <reporter-output>
          </reporter-output>
        </test-method> <!-- main -->
      </class> <!-- logn.PIMtab -->
    </test> <!-- Default test -->
  </suite> <!-- Default suite -->
</testng-results>
