<?xml version="1.0" encoding="UTF-8"?>
<testng-results skipped="0" failed="0" ignored="0" total="1" passed="1">
  <reporter-output>
  </reporter-output>
  <suite name="Default suite" duration-ms="28987" started-at="2020-05-01T18:52:36 IST" finished-at="2020-05-01T18:53:05 IST">
    <groups>
    </groups>
    <test name="Default test" duration-ms="28987" started-at="2020-05-01T18:52:36 IST" finished-at="2020-05-01T18:53:05 IST">
      <class name="leave.LeaveConfigure">
        <test-method status="PASS" signature="main()[pri:0, instance:leave.LeaveConfigure@610694f1]" name="main" duration-ms="28872" started-at="2020-05-01T18:52:36 IST" finished-at="2020-05-01T18:53:05 IST">
          <reporter-output>
          </reporter-output>
        </test-method> <!-- main -->
      </class> <!-- leave.LeaveConfigure -->
    </test> <!-- Default test -->
  </suite> <!-- Default suite -->
</testng-results>
